<?xml version="1.0"?><coverage lines-covered="2761" lines-valid="4950" line-rate="0.5577777777777778" branches-covered="0" branches-valid="0" branch-rate="0" complexity="0" version="1.9" timestamp="1760849225"><sources><source>C:\Users\plant\Desktop\Rust区块链\Rust-Blockchain-Secure-Wallet</source></sources><packages><package name="target_test_cli_smoke\debug\build\serde-14d095ac462d5364\out" line-rate="0" branch-rate="0" complexity="0"><classes></classes></package><package name="src\config" line-rate="0" branch-rate="0" complexity="0"><classes></classes></package><package name="src\adapter" line-rate="0" branch-rate="0" complexity="0"><classes></classes></package><package name="target_test_cli_smoke\debug\build\protobuf-0c4639d52abd5418\out" line-rate="0" branch-rate="0" complexity="0"><classes></classes></package><package name="src\api" line-rate="0.42746913580246915" branch-rate="0" complexity="0"><classes><class name="handlers" filename="src\api\handlers.rs" line-rate="0.46875" branch-rate="0" complexity="0"><methods/><lines><line number="13" hits="2017612633061982208"/><line number="18" hits="2017612633061982208"/><line number="19" hits="0"/><line number="20" hits="0"/><line number="21" hits="0"/><line number="22" hits="0"/><line number="23" hits="0"/><line number="29" hits="4035225266123964416"/><line number="30" hits="1513209474796486656"/><line number="31" hits="1513209474796486656"/><line number="32" hits="1513209474796486656"/><line number="33" hits="1513209474796486656"/><line number="35" hits="504403158265495552"/><line number="36" hits="504403158265495552"/><line number="37" hits="504403158265495552"/><line number="38" hits="504403158265495552"/><line number="39" hits="504403158265495552"/><line number="45" hits="4539628424389460206"/><line number="46" hits="0"/><line number="47" hits="0"/><line number="48" hits="0"/><line number="49" hits="0"/><line number="50" hits="0"/><line number="56" hits="504403158265495552"/><line number="67" hits="1008806316530991104"/><line number="78" hits="1513209474796486656"/><line number="79" hits="504403158265495552"/><line number="80" hits="504403158265495552"/><line number="81" hits="504403158265495552"/><line number="82" hits="1513209474796486656"/><line number="83" hits="504403158265495552"/><line number="89" hits="504403158265495552"/><line number="90" hits="0"/><line number="91" hits="0"/><line number="92" hits="0"/><line number="93" hits="0"/><line number="94" hits="0"/><line number="102" hits="504403158265495552"/><line number="116" hits="0"/><line number="117" hits="0"/><line number="120" hits="0"/><line number="121" hits="0"/><line number="122" hits="0"/><line number="123" hits="0"/><line number="124" hits="0"/><line number="126" hits="0"/><line number="132" hits="0"/><line number="133" hits="0"/><line number="134" hits="0"/><line number="139" hits="0"/><line number="140" hits="0"/><line number="141" hits="0"/><line number="144" hits="0"/><line number="145" hits="0"/><line number="146" hits="0"/><line number="147" hits="0"/><line number="148" hits="0"/><line number="157" hits="4035225266123964416"/><line number="158" hits="4035225266123964416"/><line number="159" hits="4035225266123964416"/><line number="160" hits="4035225266123964416"/><line number="161" hits="4035225266123964416"/><line number="165" hits="4035225266123964416"/><line number="166" hits="4035225266123964416"/></lines></class><class name="server" filename="src\api\server.rs" line-rate="0.4229452054794521" branch-rate="0" complexity="0"><methods/><lines><line number="38" hits="6773413839565225984"/><line number="44" hits="10808639105689190400"/><line number="47" hits="0"/><line number="48" hits="0"/><line number="53" hits="5764607523034234880"/><line number="64" hits="3458764513820540928"/><line number="65" hits="3458764513820540928"/><line number="66" hits="3458764513820540928"/><line number="67" hits="3458764513820540928"/><line number="68" hits="3458764513820540928"/><line number="71" hits="3458764513820540928"/><line number="75" hits="6701356245527298048"/><line number="77" hits="0"/><line number="78" hits="0"/><line number="81" hits="2305843009213693952"/><line number="83" hits="0"/><line number="84" hits="0"/><line number="87" hits="9799832789158199296"/><line number="88" hits="10592466323575406592"/><line number="89" hits="7061644215716937728"/><line number="90" hits="10592466323575406592"/><line number="91" hits="14123288431433875456"/><line number="92" hits="10592466323575406592"/><line number="93" hits="10592466323575406592"/><line number="94" hits="10592466323575406592"/><line number="95" hits="10592466323575406592"/><line number="96" hits="10592466323575406592"/><line number="97" hits="10592466323575406592"/><line number="98" hits="10592466323575406592"/><line number="99" hits="10592466323575406592"/><line number="101" hits="3530822107858468864"/><line number="103" hits="7061644215716937728"/><line number="104" hits="0"/><line number="105" hits="0"/><line number="107" hits="0"/><line number="111" hits="7061644215716937728"/><line number="112" hits="10592466323575406592"/><line number="114" hits="10592466323575406592"/><line number="116" hits="7061644215716937728"/><line number="120" hits="7061644215716937728"/><line number="121" hits="10592466323575406592"/><line number="122" hits="10592466323575406592"/><line number="124" hits="3530822107858468864"/><line number="125" hits="7061644215716937728"/><line number="126" hits="0"/><line number="127" hits="0"/><line number="129" hits="0"/><line number="132" hits="10592466323575406592"/><line number="133" hits="10592466323575406592"/><line number="136" hits="17654110539292344320"/><line number="139" hits="0"/><line number="148" hits="0"/><line number="149" hits="0"/><line number="150" hits="0"/><line number="151" hits="0"/><line number="155" hits="0"/><line number="156" hits="0"/><line number="157" hits="0"/><line number="158" hits="0"/><line number="159" hits="0"/><line number="160" hits="0"/><line number="166" hits="72057594037927936"/><line number="168" hits="144115188075855872"/><line number="172" hits="8574853690513424383"/><line number="174" hits="7277816997830721533"/><line number="175" hits="7277816997830721533"/><line number="176" hits="15852670688344145916"/><line number="179" hits="5260204364768739327"/><line number="183" hits="13907115649320091648"/><line number="184" hits="5332261958806667264"/><line number="185" hits="0"/><line number="187" hits="0"/><line number="188" hits="0"/><line number="190" hits="0"/><line number="191" hits="5332261958806667264"/><line number="194" hits="576460752303423488"/><line number="196" hits="2089670227099910144"/><line number="201" hits="1729382256910270464"/><line number="202" hits="216172782113783808"/><line number="205" hits="16140901064495857664"/><line number="210" hits="9295429630892703744"/><line number="212" hits="72057594037927936"/><line number="213" hits="72057594037927936"/><line number="214" hits="216172782113783808"/><line number="215" hits="72057594037927936"/><line number="220" hits="15708555500268290047"/><line number="222" hits="72057594037927936"/><line number="223" hits="72057594037927936"/><line number="224" hits="72057594037927936"/><line number="225" hits="72057594037927936"/><line number="226" hits="72057594037927936"/><line number="231" hits="0"/><line number="232" hits="2161727821137838080"/><line number="233" hits="2161727821137838080"/><line number="234" hits="2161727821137838080"/><line number="235" hits="2161727821137838080"/><line number="237" hits="0"/><line number="240" hits="0"/><line number="241" hits="0"/><line number="242" hits="0"/><line number="244" hits="0"/><line number="245" hits="0"/><line number="246" hits="0"/><line number="247" hits="0"/><line number="248" hits="0"/><line number="250" hits="0"/><line number="252" hits="0"/><line number="253" hits="0"/><line number="254" hits="0"/><line number="257" hits="0"/><line number="258" hits="0"/><line number="259" hits="0"/><line number="260" hits="0"/><line number="261" hits="0"/><line number="268" hits="0"/><line number="273" hits="0"/><line number="275" hits="0"/><line number="276" hits="0"/><line number="277" hits="0"/><line number="278" hits="0"/><line number="283" hits="0"/><line number="284" hits="0"/><line number="285" hits="0"/><line number="286" hits="0"/><line number="287" hits="0"/><line number="288" hits="0"/><line number="293" hits="0"/><line number="294" hits="0"/><line number="295" hits="0"/><line number="296" hits="0"/><line number="297" hits="0"/><line number="299" hits="0"/><line number="301" hits="0"/><line number="302" hits="0"/><line number="303" hits="0"/><line number="304" hits="0"/><line number="305" hits="0"/><line number="307" hits="0"/><line number="309" hits="0"/><line number="310" hits="0"/><line number="311" hits="0"/><line number="312" hits="0"/><line number="313" hits="0"/><line number="320" hits="2522015791327477760"/><line number="324" hits="1513209474796486656"/><line number="326" hits="72057594037927936"/><line number="327" hits="72057594037927936"/><line number="328" hits="216172782113783808"/><line number="329" hits="72057594037927936"/><line number="334" hits="288230376151711744"/><line number="335" hits="288230376151711744"/><line number="336" hits="0"/><line number="338" hits="0"/><line number="339" hits="144115188075855872"/><line number="340" hits="72057594037927936"/><line number="341" hits="72057594037927936"/><line number="344" hits="0"/><line number="346" hits="0"/><line number="347" hits="0"/><line number="348" hits="0"/><line number="349" hits="0"/><line number="350" hits="0"/><line number="356" hits="3026418949592973312"/><line number="361" hits="1801439850948198401"/><line number="363" hits="72057594037927937"/><line number="364" hits="72057594037927937"/><line number="365" hits="216172782113783811"/><line number="366" hits="72057594037927937"/><line number="371" hits="6196953087261802496"/><line number="372" hits="72057594037927936"/><line number="373" hits="72057594037927936"/><line number="374" hits="72057594037927936"/><line number="375" hits="72057594037927936"/><line number="376" hits="72057594037927936"/><line number="381" hits="0"/><line number="382" hits="288230376151711744"/><line number="383" hits="432345564227567616"/><line number="384" hits="72057594037927936"/><line number="385" hits="72057594037927936"/><line number="386" hits="72057594037927936"/><line number="387" hits="72057594037927936"/><line number="388" hits="72057594037927936"/><line number="394" hits="0"/><line number="395" hits="0"/><line number="396" hits="0"/><line number="397" hits="0"/><line number="398" hits="0"/><line number="404" hits="648518346341351424"/><line number="405" hits="216172782113783808"/><line number="406" hits="0"/><line number="407" hits="0"/><line number="408" hits="0"/><line number="409" hits="0"/><line number="410" hits="0"/><line number="421" hits="3026418949592973312"/><line number="427" hits="1801439850948198400"/><line number="429" hits="72057594037927936"/><line number="430" hits="72057594037927936"/><line number="431" hits="216172782113783808"/><line number="432" hits="72057594037927936"/><line number="438" hits="5764607523034234880"/><line number="439" hits="0"/><line number="440" hits="0"/><line number="441" hits="0"/><line number="442" hits="0"/><line number="443" hits="0"/><line number="449" hits="0"/><line number="450" hits="72057594037927936"/><line number="451" hits="72057594037927936"/><line number="452" hits="72057594037927936"/><line number="453" hits="216172782113783808"/><line number="454" hits="72057594037927936"/><line number="459" hits="288230376151711744"/><line number="460" hits="0"/><line number="461" hits="0"/><line number="463" hits="0"/><line number="464" hits="0"/><line number="465" hits="0"/><line number="466" hits="0"/><line number="467" hits="0"/><line number="472" hits="576460752303423488"/><line number="473" hits="288230376151711744"/><line number="474" hits="432345564227567616"/><line number="475" hits="72057594037927936"/><line number="476" hits="72057594037927936"/><line number="477" hits="72057594037927936"/><line number="478" hits="72057594037927936"/><line number="479" hits="72057594037927936"/><line number="485" hits="0"/><line number="486" hits="0"/><line number="487" hits="0"/><line number="488" hits="0"/><line number="489" hits="0"/><line number="495" hits="864691128455135232"/><line number="496" hits="0"/><line number="497" hits="0"/><line number="498" hits="0"/><line number="499" hits="0"/><line number="500" hits="0"/><line number="502" hits="0"/><line number="503" hits="0"/><line number="504" hits="0"/><line number="505" hits="0"/><line number="508" hits="216172782113783808"/><line number="509" hits="216172782113783808"/><line number="510" hits="216172782113783808"/><line number="511" hits="648518346341351424"/><line number="512" hits="216172782113783808"/><line number="518" hits="6052837899185946624"/><line number="524" hits="3530822107858468864"/><line number="526" hits="72057594037927936"/><line number="527" hits="72057594037927936"/><line number="528" hits="216172782113783808"/><line number="529" hits="72057594037927936"/><line number="535" hits="13114482114902884352"/><line number="536" hits="0"/><line number="537" hits="0"/><line number="538" hits="0"/><line number="539" hits="0"/><line number="540" hits="0"/><line number="546" hits="0"/><line number="547" hits="792633534417207296"/><line number="548" hits="1008806316530991104"/><line number="549" hits="288230376151711744"/><line number="550" hits="288230376151711744"/><line number="551" hits="288230376151711744"/><line number="552" hits="288230376151711744"/><line number="553" hits="288230376151711744"/><line number="559" hits="0"/><line number="560" hits="0"/><line number="561" hits="0"/><line number="562" hits="0"/><line number="563" hits="0"/><line number="570" hits="2017612633061982208"/><line number="571" hits="0"/><line number="572" hits="0"/><line number="573" hits="0"/><line number="574" hits="0"/><line number="575" hits="0"/><line number="581" hits="0"/><line number="582" hits="0"/><line number="583" hits="0"/><line number="584" hits="0"/><line number="585" hits="0"/><line number="586" hits="0"/><line number="592" hits="1008806316530991104"/><line number="593" hits="0"/><line number="594" hits="0"/><line number="595" hits="0"/><line number="596" hits="0"/><line number="597" hits="0"/><line number="603" hits="504403158265495552"/><line number="604" hits="504403158265495552"/><line number="605" hits="504403158265495552"/><line number="607" hits="0"/><line number="608" hits="0"/><line number="609" hits="0"/><line number="610" hits="0"/><line number="611" hits="0"/><line number="616" hits="1008806316530991104"/><line number="617" hits="1008806316530991104"/><line number="618" hits="2017612633061982208"/><line number="619" hits="504403158265495552"/><line number="621" hits="288230376151711744"/><line number="622" hits="216172782113783808"/><line number="623" hits="216172782113783808"/><line number="624" hits="216172782113783808"/><line number="625" hits="648518346341351424"/><line number="626" hits="216172782113783808"/><line number="632" hits="2522015791327477760"/><line number="637" hits="1513209474796486656"/><line number="639" hits="72057594037927936"/><line number="640" hits="72057594037927936"/><line number="641" hits="216172782113783808"/><line number="642" hits="72057594037927936"/><line number="648" hits="5332261958806667264"/><line number="649" hits="0"/><line number="650" hits="0"/><line number="651" hits="0"/><line number="652" hits="0"/><line number="653" hits="0"/><line number="658" hits="0"/><line number="659" hits="288230376151711744"/><line number="660" hits="432345564227567616"/><line number="661" hits="72057594037927936"/><line number="662" hits="72057594037927936"/><line number="663" hits="72057594037927936"/><line number="664" hits="72057594037927936"/><line number="665" hits="72057594037927936"/><line number="671" hits="0"/><line number="672" hits="0"/><line number="673" hits="0"/><line number="674" hits="0"/><line number="675" hits="0"/><line number="681" hits="648518346341351424"/><line number="682" hits="216172782113783808"/><line number="683" hits="0"/><line number="684" hits="0"/><line number="685" hits="0"/><line number="686" hits="0"/><line number="687" hits="0"/><line number="693" hits="2017612633061982208"/><line number="698" hits="1152921504606846976"/><line number="700" hits="0"/><line number="701" hits="0"/><line number="702" hits="0"/><line number="703" hits="0"/><line number="709" hits="288230376151711744"/><line number="710" hits="0"/><line number="712" hits="0"/><line number="713" hits="0"/><line number="714" hits="0"/><line number="715" hits="0"/><line number="716" hits="0"/><line number="717" hits="0"/><line number="718" hits="0"/><line number="719" hits="0"/><line number="726" hits="5044031582654955520"/><line number="727" hits="0"/><line number="728" hits="0"/><line number="729" hits="0"/><line number="730" hits="0"/><line number="731" hits="0"/><line number="737" hits="0"/><line number="738" hits="288230376151711744"/><line number="739" hits="576460752303423488"/><line number="740" hits="72057594037927936"/><line number="741" hits="72057594037927936"/><line number="742" hits="72057594037927936"/><line number="743" hits="72057594037927936"/><line number="744" hits="72057594037927936"/><line number="750" hits="0"/><line number="751" hits="0"/><line number="752" hits="0"/><line number="753" hits="0"/><line number="754" hits="0"/><line number="761" hits="864691128455135232"/><line number="763" hits="0"/><line number="764" hits="0"/><line number="765" hits="0"/><line number="766" hits="0"/><line number="772" hits="0"/><line number="773" hits="0"/><line number="775" hits="0"/><line number="777" hits="864691128455135232"/><line number="779" hits="648518346341351424"/><line number="780" hits="648518346341351424"/><line number="782" hits="648518346341351424"/><line number="786" hits="216172782113783808"/><line number="791" hits="0"/><line number="793" hits="0"/><line number="794" hits="0"/><line number="795" hits="0"/><line number="796" hits="0"/><line number="801" hits="0"/><line number="802" hits="0"/><line number="803" hits="0"/><line number="804" hits="0"/><line number="805" hits="0"/><line number="806" hits="0"/><line number="807" hits="0"/><line number="812" hits="0"/><line number="813" hits="0"/><line number="814" hits="0"/><line number="815" hits="0"/><line number="816" hits="0"/><line number="817" hits="0"/><line number="818" hits="0"/><line number="824" hits="0"/><line number="826" hits="0"/><line number="827" hits="0"/><line number="828" hits="0"/><line number="829" hits="0"/><line number="842" hits="0"/><line number="844" hits="0"/><line number="846" hits="0"/><line number="847" hits="0"/><line number="849" hits="0"/><line number="851" hits="0"/><line number="853" hits="0"/><line number="854" hits="0"/><line number="855" hits="0"/><line number="856" hits="0"/><line number="862" hits="0"/><line number="863" hits="0"/><line number="865" hits="0"/><line number="867" hits="0"/><line number="868" hits="0"/><line number="869" hits="0"/><line number="870" hits="0"/><line number="871" hits="0"/><line number="873" hits="0"/><line number="874" hits="0"/><line number="875" hits="0"/><line number="876" hits="0"/><line number="882" hits="0"/><line number="883" hits="0"/><line number="884" hits="0"/><line number="885" hits="0"/><line number="888" hits="0"/><line number="889" hits="0"/><line number="891" hits="0"/><line number="893" hits="0"/><line number="896" hits="0"/><line number="899" hits="1513209474796486656"/><line number="904" hits="864691128455135232"/><line number="906" hits="0"/><line number="907" hits="0"/><line number="908" hits="0"/><line number="909" hits="0"/><line number="914" hits="216172782113783808"/><line number="915" hits="216172782113783808"/><line number="916" hits="0"/><line number="917" hits="0"/><line number="919" hits="216172782113783808"/><line number="920" hits="216172782113783808"/><line number="921" hits="216172782113783808"/><line number="922" hits="216172782113783808"/><line number="924" hits="0"/><line number="925" hits="0"/><line number="927" hits="0"/><line number="929" hits="0"/><line number="930" hits="0"/><line number="932" hits="0"/><line number="934" hits="0"/><line number="935" hits="0"/><line number="936" hits="0"/><line number="942" hits="2017612633061982208"/><line number="948" hits="1152921504606846976"/><line number="950" hits="0"/><line number="951" hits="0"/><line number="952" hits="0"/><line number="953" hits="0"/><line number="959" hits="7493989779944505344"/><line number="960" hits="0"/><line number="961" hits="0"/><line number="962" hits="0"/><line number="963" hits="0"/><line number="964" hits="0"/><line number="970" hits="0"/><line number="971" hits="72057594037927936"/><line number="972" hits="72057594037927936"/><line number="973" hits="72057594037927936"/><line number="974" hits="216172782113783808"/><line number="975" hits="72057594037927936"/><line number="981" hits="432345564227567616"/><line number="982" hits="0"/><line number="983" hits="0"/><line number="984" hits="0"/><line number="985" hits="0"/><line number="986" hits="0"/><line number="992" hits="72057594037927936"/><line number="993" hits="0"/><line number="994" hits="0"/><line number="995" hits="0"/><line number="996" hits="0"/><line number="997" hits="0"/><line number="1003" hits="144115188075855872"/><line number="1004" hits="0"/><line number="1005" hits="0"/><line number="1006" hits="0"/><line number="1007" hits="0"/><line number="1008" hits="0"/><line number="1014" hits="144115188075855872"/><line number="1015" hits="144115188075855872"/><line number="1016" hits="144115188075855872"/><line number="1018" hits="0"/><line number="1019" hits="0"/><line number="1020" hits="0"/><line number="1021" hits="0"/><line number="1022" hits="0"/><line number="1027" hits="288230376151711744"/><line number="1028" hits="0"/><line number="1029" hits="0"/><line number="1030" hits="0"/><line number="1031" hits="0"/><line number="1032" hits="0"/><line number="1037" hits="0"/><line number="1038" hits="0"/><line number="1039" hits="0"/><line number="1040" hits="0"/><line number="1041" hits="0"/><line number="1042" hits="0"/><line number="1043" hits="0"/><line number="1044" hits="0"/><line number="1046" hits="0"/><line number="1048" hits="144115188075855872"/><line number="1049" hits="0"/><line number="1050" hits="0"/><line number="1051" hits="0"/><line number="1052" hits="0"/><line number="1053" hits="0"/><line number="1059" hits="17149707381026848768"/><line number="1064" hits="9943947977234055168"/><line number="1066" hits="144115188075855872"/><line number="1067" hits="144115188075855872"/><line number="1068" hits="432345564227567616"/><line number="1069" hits="144115188075855872"/><line number="1075" hits="2305843009213693952"/><line number="1076" hits="2161727821137838080"/><line number="1077" hits="2089670227099910144"/><line number="1078" hits="2017612633061982208"/><line number="1079" hits="1945555039024054272"/><line number="1081" hits="432345564227567616"/><line number="1082" hits="432345564227567616"/><line number="1083" hits="432345564227567616"/><line number="1084" hits="432345564227567616"/><line number="1085" hits="432345564227567616"/><line number="1090" hits="360287970189639680"/><line number="1091" hits="0"/><line number="1092" hits="0"/><line number="1093" hits="0"/><line number="1094" hits="0"/><line number="1095" hits="0"/><line number="1104" hits="4539628424389459968"/><line number="1105" hits="1080863910568919040"/><line number="1107" hits="576460752303423488"/><line number="1110" hits="4539628424389459968"/><line number="1111" hits="1873497444986126336"/><line number="1113" hits="576460752303423488"/><line number="1116" hits="2810246167479189504"/><line number="1118" hits="216172782113783808"/><line number="1121" hits="0"/><line number="1122" hits="0"/><line number="1125" hits="0"/><line number="1126" hits="0"/><line number="1127" hits="0"/><line number="1128" hits="0"/><line number="1129" hits="0"/><line number="1135" hits="6485183463413514240"/><line number="1137" hits="216172782113783808"/><line number="1138" hits="216172782113783808"/><line number="1139" hits="216172782113783808"/><line number="1140" hits="648518346341351424"/><line number="1141" hits="216172782113783808"/><line number="1149" hits="0"/><line number="1150" hits="0"/><line number="1151" hits="0"/><line number="1152" hits="0"/><line number="1153" hits="0"/><line number="1154" hits="1080863910568919040"/><line number="1159" hits="0"/><line number="1162" hits="1729382256910270464"/><line number="1163" hits="216172782113783808"/></lines></class></classes></package><package name="legacy" line-rate="0" branch-rate="0" complexity="0"><classes></classes></package><package name="src\blockchain\bridge" line-rate="0.2647058823529412" branch-rate="0" complexity="0"><classes><class name="mock" filename="src\blockchain\bridge\mock.rs" line-rate="0.75" branch-rate="0" complexity="0"><methods/><lines><line number="16" hits="11961560610296037376"/><line number="17" hits="11961560610296037376"/><line number="42" hits="6485183463413514240"/><line number="54" hits="11745387828182253568"/><line number="55" hits="11745387828182253568"/><line number="80" hits="0"/><line number="92" hits="1080863910568919040"/><line number="93" hits="1080863910568919040"/><line number="118" hits="0"/><line number="130" hits="360287970189639680"/><line number="131" hits="360287970189639680"/><line number="156" hits="0"/></lines></class><class name="mod" filename="src\blockchain\bridge\mod.rs" line-rate="0" branch-rate="0" complexity="0"><methods/><lines><line number="50" hits="0"/><line number="58" hits="0"/><line number="59" hits="0"/><line number="63" hits="0"/><line number="67" hits="0"/></lines></class><class name="relay" filename="src\blockchain\bridge\relay.rs" line-rate="0.28421052631578947" branch-rate="0" complexity="0"><methods/><lines><line number="12" hits="0"/><line number="16" hits="0"/><line number="17" hits="0"/><line number="27" hits="6701356245527298048"/><line number="35" hits="6701356245527298048"/><line number="41" hits="6701356245527298048"/><line number="42" hits="0"/><line number="43" hits="0"/><line number="50" hits="17798225727368200192"/><line number="51" hits="7998392938210000896"/><line number="53" hits="4035225266123964416"/><line number="55" hits="6701356245527298048"/><line number="62" hits="7277816997830721536"/><line number="68" hits="7277816997830721536"/><line number="73" hits="0"/><line number="74" hits="0"/><line number="77" hits="0"/><line number="78" hits="0"/><line number="79" hits="0"/><line number="80" hits="0"/><line number="84" hits="0"/><line number="85" hits="0"/><line number="86" hits="0"/><line number="87" hits="0"/><line number="90" hits="0"/><line number="93" hits="7205759403792793600"/><line number="97" hits="7205759403792793600"/><line number="98" hits="0"/><line number="101" hits="14411518807585587200"/><line number="102" hits="14411518807585587200"/><line number="106" hits="7205759403792793600"/><line number="107" hits="7205759403792793600"/><line number="109" hits="0"/><line number="113" hits="7205759403792793600"/><line number="114" hits="0"/><line number="115" hits="0"/><line number="116" hits="0"/><line number="117" hits="0"/><line number="119" hits="7205759403792793600"/><line number="124" hits="0"/><line number="129" hits="72057594037927936"/><line number="132" hits="288230376151711744"/><line number="133" hits="216172782113783808"/><line number="136" hits="72057594037927936"/><line number="137" hits="0"/><line number="138" hits="0"/><line number="139" hits="0"/><line number="141" hits="72057594037927936"/><line number="145" hits="0"/><line number="148" hits="4035225266123964416"/><line number="151" hits="15276209936040722432"/><line number="152" hits="10664523917613334528"/><line number="158" hits="576460752303423488"/><line number="159" hits="576460752303423488"/><line number="164" hits="0"/><line number="165" hits="0"/><line number="168" hits="0"/><line number="174" hits="0"/><line number="176" hits="0"/><line number="179" hits="0"/><line number="182" hits="0"/><line number="183" hits="0"/><line number="184" hits="0"/><line number="185" hits="0"/><line number="186" hits="0"/><line number="188" hits="0"/><line number="190" hits="0"/><line number="191" hits="0"/><line number="192" hits="0"/><line number="193" hits="0"/><line number="194" hits="0"/><line number="195" hits="0"/><line number="197" hits="0"/><line number="200" hits="0"/><line number="202" hits="0"/><line number="208" hits="0"/><line number="209" hits="0"/><line number="210" hits="0"/><line number="212" hits="0"/><line number="214" hits="0"/><line number="216" hits="0"/><line number="217" hits="0"/><line number="219" hits="0"/><line number="222" hits="0"/><line number="223" hits="0"/><line number="224" hits="0"/><line number="225" hits="0"/><line number="226" hits="0"/><line number="227" hits="0"/><line number="229" hits="0"/><line number="233" hits="0"/><line number="235" hits="0"/><line number="236" hits="0"/><line number="237" hits="0"/><line number="239" hits="0"/></lines></class><class name="transfer" filename="src\blockchain\bridge\transfer.rs" line-rate="0" branch-rate="0" complexity="0"><methods/><lines><line number="6" hits="0"/><line number="15" hits="0"/><line number="17" hits="0"/><line number="18" hits="0"/><line number="25" hits="0"/><line number="32" hits="0"/><line number="33" hits="0"/><line number="35" hits="0"/><line number="36" hits="0"/><line number="40" hits="0"/><line number="41" hits="0"/><line number="45" hits="0"/><line number="46" hits="0"/><line number="50" hits="0"/><line number="52" hits="0"/><line number="56" hits="0"/><line number="57" hits="0"/><line number="58" hits="0"/><line number="59" hits="0"/><line number="63" hits="0"/><line number="64" hits="0"/><line number="65" hits="0"/><line number="69" hits="0"/><line number="71" hits="0"/></lines></class></classes></package><package name="src\network" line-rate="0.5714285714285714" branch-rate="0" complexity="0"><classes><class name="node_manager" filename="src\network\node_manager.rs" line-rate="0.4827586206896552" branch-rate="0" complexity="0"><methods/><lines><line number="10" hits="576460752303423488"/><line number="12" hits="576460752303423488"/><line number="22" hits="1008806316530991104"/><line number="23" hits="2017612633061982208"/><line number="27" hits="576460752303423754"/><line number="28" hits="1729382256910271262"/><line number="29" hits="576460752303423754"/><line number="34" hits="1152921504606846976"/><line number="35" hits="432345564227567616"/><line number="36" hits="0"/><line number="37" hits="0"/><line number="38" hits="0"/><line number="39" hits="0"/><line number="40" hits="0"/><line number="41" hits="0"/><line number="44" hits="144115188075855872"/><line number="45" hits="144115188075855872"/><line number="46" hits="0"/><line number="47" hits="288230376151711744"/><line number="49" hits="0"/><line number="50" hits="0"/><line number="51" hits="0"/><line number="52" hits="0"/><line number="53" hits="0"/><line number="56" hits="648518346341351424"/><line number="57" hits="0"/><line number="58" hits="144115188075855872"/><line number="59" hits="0"/><line number="61" hits="0"/></lines></class><class name="rate_limit" filename="src\network\rate_limit.rs" line-rate="1" branch-rate="0" complexity="0"><methods/><lines><line number="29" hits="11817445422220181503"/><line number="30" hits="11817445422220181503"/><line number="31" hits="8935141660703064057"/><line number="32" hits="5188146770730811390"/><line number="36" hits="4539628424389459968"/><line number="37" hits="9079256848778919936"/></lines></class></classes></package><package name="Defi-Hot-wallet-Rust\Defi-Hot-wallet-Rust\src\blockchain" line-rate="0" branch-rate="0" complexity="0"><classes><class name="ethereum" filename="Defi-Hot-wallet-Rust\Defi-Hot-wallet-Rust\src\blockchain\ethereum.rs" line-rate="0" branch-rate="0" complexity="0"><methods/><lines><line number="92" hits="0"/><line number="95" hits="0"/><line number="100" hits="0"/><line number="102" hits="0"/><line number="103" hits="0"/><line number="104" hits="0"/><line number="107" hits="0"/><line number="108" hits="0"/><line number="109" hits="0"/><line number="111" hits="0"/><line number="114" hits="0"/><line number="115" hits="0"/><line number="116" hits="0"/><line number="117" hits="0"/><line number="118" hits="0"/><line number="119" hits="0"/><line number="120" hits="0"/><line number="122" hits="0"/><line number="126" hits="0"/><line number="127" hits="0"/><line number="128" hits="0"/><line number="129" hits="0"/><line number="130" hits="0"/><line number="131" hits="0"/><line number="132" hits="0"/><line number="134" hits="0"/><line number="144" hits="0"/><line number="145" hits="0"/><line number="148" hits="0"/><line number="149" hits="0"/><line number="151" hits="0"/><line number="152" hits="0"/><line number="154" hits="0"/><line number="155" hits="0"/><line number="156" hits="0"/><line number="157" hits="0"/><line number="158" hits="0"/><line number="160" hits="0"/><line number="161" hits="0"/><line number="163" hits="0"/><line number="172" hits="0"/><line number="174" hits="0"/><line number="175" hits="0"/><line number="176" hits="0"/><line number="178" hits="0"/><line number="179" hits="0"/><line number="181" hits="0"/><line number="182" hits="0"/><line number="184" hits="0"/><line number="185" hits="0"/><line number="186" hits="0"/><line number="188" hits="0"/><line number="189" hits="0"/><line number="190" hits="0"/><line number="191" hits="0"/><line number="193" hits="0"/><line number="195" hits="0"/><line number="197" hits="0"/><line number="198" hits="0"/><line number="199" hits="0"/><line number="200" hits="0"/><line number="202" hits="0"/><line number="204" hits="0"/><line number="205" hits="0"/><line number="208" hits="0"/><line number="209" hits="0"/><line number="211" hits="0"/><line number="212" hits="0"/><line number="214" hits="0"/><line number="215" hits="0"/><line number="216" hits="0"/><line number="217" hits="0"/><line number="219" hits="0"/><line number="221" hits="0"/><line number="222" hits="0"/><line number="224" hits="0"/><line number="225" hits="0"/><line number="226" hits="0"/><line number="227" hits="0"/><line number="228" hits="0"/><line number="230" hits="0"/><line number="231" hits="0"/><line number="232" hits="0"/><line number="233" hits="0"/><line number="237" hits="0"/><line number="238" hits="0"/><line number="239" hits="0"/><line number="244" hits="0"/><line number="245" hits="0"/><line number="247" hits="0"/><line number="248" hits="0"/><line number="250" hits="0"/><line number="251" hits="0"/><line number="253" hits="0"/><line number="254" hits="0"/><line number="256" hits="0"/><line number="257" hits="0"/><line number="259" hits="0"/><line number="260" hits="0"/><line number="263" hits="0"/><line number="264" hits="0"/><line number="265" hits="0"/><line number="267" hits="0"/><line number="268" hits="0"/><line number="270" hits="0"/><line number="273" hits="0"/><line number="274" hits="0"/><line number="275" hits="0"/><line number="276" hits="0"/><line number="280" hits="0"/><line number="281" hits="0"/><line number="284" hits="0"/><line number="285" hits="0"/></lines></class></classes></package><package name="src\core\wallet" line-rate="0.5578231292517006" branch-rate="0" complexity="0"><classes><class name="backup" filename="src\core\wallet\backup.rs" line-rate="1" branch-rate="0" complexity="0"><methods/><lines><line number="10" hits="6557241057451442176"/><line number="14" hits="6557241057451442176"/><line number="16" hits="13114482114902884352"/><line number="17" hits="6557241057451442176"/></lines></class><class name="create" filename="src\core\wallet\create.rs" line-rate="0.6233766233766234" branch-rate="0" complexity="0"><methods/><lines><line number="19" hits="1729382256910270464"/><line number="25" hits="1729382256910270464"/><line number="32" hits="1729382256910270464"/><line number="40" hits="7205759403792793600"/><line number="41" hits="0"/><line number="42" hits="0"/><line number="43" hits="0"/><line number="44" hits="10952754293765046272"/><line number="47" hits="0"/><line number="48" hits="0"/><line number="49" hits="0"/><line number="52" hits="0"/><line number="53" hits="0"/><line number="59" hits="5044031582654955520"/><line number="60" hits="1729382256910270464"/><line number="61" hits="0"/><line number="65" hits="1729382256910270464"/><line number="67" hits="1729382256910270464"/><line number="76" hits="1729382256910270464"/><line number="77" hits="3458764513820540928"/><line number="79" hits="0"/><line number="80" hits="0"/><line number="81" hits="0"/><line number="116" hits="1008806316530991104"/><line number="118" hits="720575940379279360"/><line number="119" hits="720575940379279360"/><line number="126" hits="0"/><line number="130" hits="8791026472627208192"/><line number="137" hits="17582052945254416384"/><line number="138" hits="17582052945254416384"/><line number="140" hits="7926335344172072960"/><line number="142" hits="7926335344172072960"/><line number="143" hits="16717361816799281152"/><line number="144" hits="8791026472627208192"/><line number="149" hits="12393906174523604992"/><line number="152" hits="5836665117072162816"/><line number="153" hits="7710162562058289152"/><line number="158" hits="1729382256910270464"/><line number="176" hits="1729382256910270464"/><line number="178" hits="3458764513820540928"/><line number="179" hits="1729382256910270464"/><line number="181" hits="1729382256910270464"/><line number="183" hits="98"/><line number="185" hits="0"/><line number="186" hits="0"/><line number="192" hits="13907115649320091643"/><line number="195" hits="4971973988617027584"/><line number="196" hits="0"/><line number="197" hits="1657324662872342528"/><line number="198" hits="1657324662872342528"/><line number="199" hits="1657324662872342528"/><line number="200" hits="144115188075855872"/><line number="201" hits="0"/><line number="205" hits="0"/><line number="206" hits="0"/><line number="207" hits="0"/><line number="208" hits="0"/><line number="209" hits="0"/><line number="212" hits="0"/><line number="213" hits="0"/><line number="217" hits="144115188075855872"/><line number="229" hits="3458764513820540928"/><line number="244" hits="1729382256910270464"/><line number="248" hits="0"/><line number="249" hits="0"/><line number="255" hits="1729382256910270464"/><line number="260" hits="10952754293765046272"/><line number="261" hits="7205759403792793600"/><line number="262" hits="14699749183737298944"/><line number="272" hits="10952754293765046272"/><line number="273" hits="0"/><line number="284" hits="5476377146882523136"/><line number="286" hits="0"/><line number="300" hits="1729382256910270464"/><line number="301" hits="0"/><line number="306" hits="4755801206503243776"/><line number="307" hits="720575940379279360"/></lines></class><class name="recover" filename="src\core\wallet\recover.rs" line-rate="0.45454545454545453" branch-rate="0" complexity="0"><methods/><lines><line number="16" hits="4035225266123964416"/><line number="23" hits="4035225266123964416"/><line number="29" hits="4035225266123964416"/><line number="35" hits="0"/><line number="36" hits="0"/><line number="37" hits="0"/><line number="38" hits="0"/><line number="39" hits="0"/><line number="42" hits="0"/><line number="43" hits="0"/><line number="44" hits="0"/><line number="47" hits="0"/><line number="48" hits="0"/><line number="53" hits="4035225266123964416"/><line number="54" hits="8070450532247928832"/><line number="55" hits="3026418949592973312"/><line number="56" hits="504403158265495552"/><line number="59" hits="3026418949592973312"/><line number="61" hits="5044031582654955520"/><line number="68" hits="3026418949592973312"/><line number="69" hits="6052837899185946624"/><line number="71" hits="0"/><line number="72" hits="0"/><line number="73" hits="0"/><line number="106" hits="0"/><line number="107" hits="3026418949592973312"/><line number="117" hits="3026418949592973312"/><line number="134" hits="3026418949592973312"/><line number="136" hits="6052837899185946624"/><line number="137" hits="3026418949592973312"/><line number="139" hits="3026418949592973312"/><line number="141" hits="0"/><line number="143" hits="0"/><line number="144" hits="0"/><line number="152" hits="13835058055282163710"/><line number="153" hits="9079256848778919936"/><line number="154" hits="0"/><line number="155" hits="3026418949592973312"/><line number="156" hits="3026418949592973312"/><line number="157" hits="3026418949592973312"/><line number="158" hits="0"/><line number="159" hits="0"/><line number="163" hits="0"/><line number="164" hits="0"/><line number="165" hits="0"/><line number="166" hits="0"/><line number="167" hits="0"/><line number="170" hits="0"/><line number="171" hits="0"/><line number="174" hits="0"/><line number="186" hits="6052837899185946624"/><line number="197" hits="3026418949592973312"/><line number="201" hits="0"/><line number="202" hits="0"/><line number="208" hits="3026418949592973312"/><line number="209" hits="0"/><line number="210" hits="0"/><line number="211" hits="0"/><line number="220" hits="6052837899185946624"/><line number="221" hits="0"/><line number="232" hits="3026418949592973312"/><line number="234" hits="0"/><line number="248" hits="3026418949592973312"/><line number="249" hits="0"/><line number="254" hits="3026418949592973312"/><line number="255" hits="3026418949592973312"/></lines></class></classes></package><package name="src\security" line-rate="0.7140350877192982" branch-rate="0" complexity="0"><classes><class name="access_control" filename="src\security\access_control.rs" line-rate="0.6491228070175439" branch-rate="0" complexity="0"><methods/><lines><line number="15" hits="0"/><line number="16" hits="0"/><line number="17" hits="0"/><line number="18" hits="0"/><line number="19" hits="0"/><line number="20" hits="0"/><line number="37" hits="0"/><line number="38" hits="0"/><line number="39" hits="0"/><line number="40" hits="0"/><line number="41" hits="0"/><line number="42" hits="0"/><line number="43" hits="0"/><line number="44" hits="0"/><line number="57" hits="288230376151711744"/><line number="58" hits="576460752303423488"/><line number="61" hits="576460752303423488"/><line number="62" hits="288230376151711744"/><line number="63" hits="288230376151711744"/><line number="64" hits="288230376151711744"/><line number="65" hits="288230376151711744"/><line number="66" hits="288230376151711744"/><line number="67" hits="288230376151711744"/><line number="68" hits="288230376151711744"/><line number="69" hits="288230376151711744"/><line number="73" hits="576460752303423488"/><line number="74" hits="288230376151711744"/><line number="75" hits="1152921504606846976"/><line number="78" hits="288230376151711744"/><line number="79" hits="1441151880758558720"/><line number="81" hits="1441151880758558720"/><line number="83" hits="288230376151711744"/><line number="87" hits="360287970189639680"/><line number="88" hits="2161727821137838080"/><line number="89" hits="360287970189639680"/><line number="93" hits="72057594037927936"/><line number="94" hits="216172782113783808"/><line number="95" hits="144115188075855872"/><line number="97" hits="72057594037927936"/><line number="101" hits="360287970189639680"/><line number="102" hits="2882303761517117440"/><line number="106" hits="432345564227567616"/><line number="107" hits="1297036692682702848"/><line number="108" hits="1008806316530991104"/><line number="109" hits="1297036692682702848"/><line number="111" hits="288230376151711744"/><line number="116" hits="144115188075855872"/><line number="120" hits="0"/><line number="121" hits="0"/><line number="125" hits="0"/><line number="126" hits="0"/><line number="130" hits="144115188075855872"/><line number="131" hits="576460752303423488"/><line number="135" hits="7"/><line number="136" hits="28"/><line number="141" hits="0"/><line number="142" hits="0"/></lines></class><class name="anti_debug" filename="src\security\anti_debug.rs" line-rate="0.8" branch-rate="0" complexity="0"><methods/><lines><line number="19" hits="504403158265495552"/><line number="25" hits="1513209474796486656"/><line number="26" hits="504403158265495552"/><line number="27" hits="0"/><line number="29" hits="504403158265495552"/></lines></class><class name="compliance" filename="src\security\compliance.rs" line-rate="0.7543859649122807" branch-rate="0" complexity="0"><methods/><lines><line number="46" hits="360287970189639680"/><line number="50" hits="720575940379279360"/><line number="56" hits="360287970189639680"/><line number="57" hits="360287970189639680"/><line number="62" hits="288230376151711744"/><line number="71" hits="3386706919782612992"/><line number="72" hits="72057594037927936"/><line number="73" hits="72057594037927936"/><line number="74" hits="72057594037927936"/><line number="79" hits="216172782113783808"/><line number="80" hits="72057594037927936"/><line number="81" hits="72057594037927936"/><line number="87" hits="72057594037927936"/><line number="88" hits="72057594037927936"/><line number="89" hits="72057594037927936"/><line number="96" hits="0"/><line number="97" hits="0"/><line number="98" hits="0"/><line number="105" hits="0"/><line number="106" hits="0"/><line number="107" hits="0"/><line number="111" hits="0"/><line number="114" hits="72057594037927936"/><line number="118" hits="72057594037927936"/><line number="125" hits="144115188075855872"/><line number="132" hits="432345564227567616"/><line number="135" hits="216172782113783808"/><line number="136" hits="72057594037927936"/><line number="137" hits="144115188075855872"/><line number="138" hits="0"/><line number="142" hits="144115188075855872"/><line number="143" hits="72057594037927936"/><line number="144" hits="0"/><line number="145" hits="0"/><line number="146" hits="72057594037927936"/><line number="150" hits="216172782113783808"/><line number="151" hits="72057594037927936"/><line number="155" hits="216172782113783808"/><line number="156" hits="72057594037927936"/><line number="159" hits="144115188075855872"/><line number="160" hits="216172782113783808"/><line number="161" hits="72057594037927936"/><line number="162" hits="72057594037927936"/><line number="163" hits="72057594037927936"/><line number="168" hits="0"/><line number="169" hits="0"/><line number="173" hits="72057594037927936"/><line number="174" hits="216172782113783808"/><line number="175" hits="72057594037927936"/><line number="180" hits="72057594037927936"/><line number="181" hits="288230376151711744"/><line number="185" hits="72057594037927936"/><line number="186" hits="288230376151711744"/><line number="190" hits="144115188075855872"/><line number="191" hits="504403158265495552"/><line number="196" hits="0"/><line number="197" hits="0"/></lines></class><class name="encryption" filename="src\security\encryption.rs" line-rate="0.8771929824561403" branch-rate="0" complexity="0"><methods/><lines><line number="24" hits="1152921504606846976"/><line number="25" hits="1152921504606846976"/><line number="30" hits="576460752303423488"/><line number="31" hits="576460752303423488"/><line number="32" hits="2305843009213693952"/><line number="33" hits="504403158265495552"/><line number="34" hits="216172782113783808"/><line number="42" hits="504403158265495552"/><line number="44" hits="0"/><line number="52" hits="504403158265495552"/><line number="57" hits="504403158265495552"/><line number="58" hits="504403158265495552"/><line number="59" hits="72057594037927936"/><line number="62" hits="432345564227567616"/><line number="63" hits="360287970189639680"/><line number="64" hits="216172782113783808"/><line number="70" hits="288230376151711744"/><line number="72" hits="216172782113783808"/><line number="78" hits="1441151880758558720"/><line number="82" hits="3458764513820540928"/><line number="85" hits="1729382256910270464"/><line number="86" hits="1729382256910270464"/><line number="87" hits="2594073385365405696"/><line number="88" hits="2594073385365405696"/><line number="89" hits="5188146770730811392"/><line number="90" hits="864691128455135232"/><line number="95" hits="504403158265495552"/><line number="100" hits="504403158265495552"/><line number="101" hits="504403158265495552"/><line number="102" hits="72057594037927936"/><line number="103" hits="72057594037927936"/><line number="110" hits="0"/><line number="111" hits="432345564227567616"/><line number="115" hits="72057594037927936"/><line number="116" hits="504403158265495552"/><line number="121" hits="144115188075855872"/><line number="126" hits="216172782113783808"/><line number="131" hits="216172782113783808"/><line number="133" hits="0"/><line number="141" hits="576460752303423488"/><line number="142" hits="432345564227567616"/><line number="152" hits="144115188075855872"/><line number="153" hits="0"/><line number="162" hits="288230376151711744"/><line number="167" hits="288230376151711744"/><line number="169" hits="0"/><line number="172" hits="288230376151711744"/><line number="173" hits="72057594037927936"/><line number="181" hits="144115188075855872"/><line number="182" hits="216172782113783808"/><line number="190" hits="144115188075855872"/><line number="191" hits="72057594037927936"/><line number="199" hits="72057594037927936"/><line number="200" hits="144115188075855872"/><line number="210" hits="72057594037927936"/><line number="216" hits="0"/><line number="217" hits="0"/></lines></class><class name="env_manager" filename="src\security\env_manager.rs" line-rate="0.7637362637362637" branch-rate="0" complexity="0"><methods/><lines><line number="63" hits="504403158265495552"/><line number="64" hits="1008806316530991104"/><line number="70" hits="3314649325744685056"/><line number="71" hits="6629298651489370112"/><line number="74" hits="6629298651489370112"/><line number="75" hits="6629298651489370112"/><line number="76" hits="3314649325744685056"/><line number="77" hits="3314649325744685056"/><line number="78" hits="3314649325744685056"/><line number="79" hits="3314649325744685056"/><line number="80" hits="3314649325744685056"/><line number="84" hits="6629298651489370112"/><line number="85" hits="6629298651489370112"/><line number="86" hits="3314649325744685056"/><line number="87" hits="3314649325744685056"/><line number="88" hits="3314649325744685056"/><line number="89" hits="3314649325744685056"/><line number="90" hits="3314649325744685056"/><line number="94" hits="6629298651489370112"/><line number="95" hits="6629298651489370112"/><line number="96" hits="3314649325744685056"/><line number="97" hits="3314649325744685056"/><line number="98" hits="3314649325744685056"/><line number="99" hits="3314649325744685056"/><line number="100" hits="3314649325744685056"/><line number="104" hits="6629298651489370112"/><line number="105" hits="6629298651489370112"/><line number="106" hits="3314649325744685056"/><line number="107" hits="3314649325744685056"/><line number="108" hits="3314649325744685056"/><line number="109" hits="3314649325744685056"/><line number="110" hits="3314649325744685056"/><line number="114" hits="6629298651489370112"/><line number="115" hits="6629298651489370112"/><line number="116" hits="3314649325744685056"/><line number="117" hits="3314649325744685056"/><line number="118" hits="3314649325744685056"/><line number="119" hits="3314649325744685056"/><line number="120" hits="3314649325744685056"/><line number="124" hits="6629298651489370112"/><line number="125" hits="6629298651489370112"/><line number="126" hits="3314649325744685056"/><line number="127" hits="3314649325744685056"/><line number="128" hits="3314649325744685056"/><line number="129" hits="3314649325744685056"/><line number="130" hits="3314649325744685056"/><line number="134" hits="6629298651489370112"/><line number="135" hits="6629298651489370112"/><line number="136" hits="3314649325744685056"/><line number="137" hits="3314649325744685056"/><line number="138" hits="3314649325744685056"/><line number="139" hits="3314649325744685056"/><line number="140" hits="3314649325744685056"/><line number="146" hits="9943947977234055168"/><line number="147" hits="3314649325744685056"/><line number="152" hits="8214565720323784704"/><line number="153" hits="4179340454199820288"/><line number="154" hits="14411518807585587200"/><line number="158" hits="72057594037927936"/><line number="162" hits="8070450532247928832"/><line number="163" hits="0"/><line number="166" hits="0"/><line number="167" hits="0"/><line number="168" hits="0"/><line number="175" hits="7998392938210000896"/><line number="176" hits="7782220156096217088"/><line number="179" hits="0"/><line number="180" hits="0"/><line number="181" hits="0"/><line number="182" hits="0"/><line number="183" hits="0"/><line number="184" hits="0"/><line number="186" hits="0"/><line number="192" hits="216172782113783808"/><line number="194" hits="0"/><line number="201" hits="864691128455135232"/><line number="206" hits="4323455642275676160"/><line number="207" hits="3458764513820540928"/><line number="211" hits="0"/><line number="215" hits="288230376151711744"/><line number="216" hits="4323455642275676160"/><line number="220" hits="288230376151711744"/><line number="222" hits="72057594037927936"/><line number="226" hits="10520408729537478656"/><line number="230" hits="72057594037927936"/><line number="234" hits="216172782113783808"/><line number="235" hits="0"/><line number="240" hits="216172782113783808"/><line number="241" hits="72057594037927936"/><line number="242" hits="72057594037927936"/><line number="246" hits="0"/><line number="247" hits="0"/><line number="248" hits="0"/><line number="253" hits="144115188075855872"/><line number="258" hits="72057594037927936"/><line number="259" hits="360287970189639680"/><line number="260" hits="288230376151711744"/><line number="261" hits="144115188075855872"/><line number="263" hits="0"/><line number="266" hits="72057594037927936"/><line number="267" hits="72057594037927936"/><line number="273" hits="72057594037927936"/><line number="274" hits="288230376151711744"/><line number="275" hits="360287970189639680"/><line number="277" hits="72057594037927936"/><line number="278" hits="0"/><line number="283" hits="72057594037927936"/><line number="284" hits="72057594037927936"/><line number="288" hits="72057594037927936"/><line number="289" hits="144115188075855872"/><line number="294" hits="504403158265495552"/><line number="295" hits="1513209474796486656"/><line number="301" hits="9079256848778919936"/><line number="302" hits="8502796096475496448"/><line number="303" hits="288230376151711744"/><line number="309" hits="16933534598913064960"/><line number="310" hits="1873497444986126336"/><line number="311" hits="936748722493063168"/><line number="312" hits="936748722493063168"/><line number="314" hits="7998392938210000896"/><line number="321" hits="9367487224930631680"/><line number="322" hits="216172782113783808"/><line number="323" hits="288230376151711744"/><line number="340" hits="0"/><line number="341" hits="0"/><line number="344" hits="0"/><line number="347" hits="0"/><line number="351" hits="9151314442816847872"/><line number="355" hits="18302628885633695744"/><line number="356" hits="18302628885633695744"/><line number="357" hits="18302628885633695744"/><line number="359" hits="9007199254740992000"/><line number="365" hits="18302628885633695744"/><line number="366" hits="15996785876420001792"/><line number="368" hits="1152921504606846976"/><line number="371" hits="2305843009213693952"/><line number="372" hits="0"/><line number="378" hits="0"/><line number="383" hits="9007199254740992000"/><line number="384" hits="9007199254740992000"/><line number="389" hits="9007199254740992000"/><line number="394" hits="9151314442816847872"/><line number="395" hits="1152921504606846976"/><line number="398" hits="2305843009213693952"/><line number="399" hits="0"/><line number="401" hits="0"/><line number="402" hits="0"/><line number="403" hits="16429131440647569408"/><line number="404" hits="144115188075855872"/><line number="407" hits="9151314442816847872"/><line number="412" hits="0"/><line number="413" hits="0"/><line number="418" hits="720575940379279360"/><line number="420" hits="1441151880758558720"/><line number="421" hits="0"/><line number="431" hits="72057594037927936"/><line number="432" hits="144115188075855872"/><line number="433" hits="144115188075855872"/><line number="447" hits="72057594037927936"/><line number="448" hits="216172782113783808"/><line number="453" hits="72057594037927936"/><line number="454" hits="288230376151711744"/><line number="460" hits="72057594037927936"/><line number="461" hits="216172782113783808"/><line number="465" hits="72057594037927936"/><line number="466" hits="216172782113783808"/><line number="470" hits="7638104968020361216"/><line number="471" hits="4467570830351532032"/><line number="475" hits="0"/><line number="477" hits="0"/><line number="480" hits="0"/><line number="481" hits="0"/><line number="482" hits="0"/><line number="483" hits="0"/><line number="484" hits="0"/><line number="486" hits="0"/><line number="490" hits="0"/><line number="491" hits="0"/><line number="492" hits="0"/><line number="493" hits="0"/><line number="497" hits="72057594037927936"/><line number="498" hits="72057594037927936"/></lines></class><class name="memory_protection" filename="src\security\memory_protection.rs" line-rate="0.9041095890410958" branch-rate="0" complexity="0"><methods/><lines><line number="18" hits="936748722493063168"/><line number="19" hits="936748722493063168"/><line number="20" hits="72057594037927936"/><line number="23" hits="864691128455135232"/><line number="24" hits="4"/><line number="28" hits="0"/><line number="34" hits="504403158265495552"/><line number="35" hits="504403158265495552"/><line number="38" hits="216172782113783808"/><line number="39" hits="216172782113783808"/><line number="42" hits="648518346341351424"/><line number="43" hits="1297036692682702848"/><line number="44" hits="72057594037927936"/><line number="49" hits="72057594037927936"/><line number="50" hits="504403158265495552"/><line number="56" hits="288230376151711744"/><line number="57" hits="1441151880758558720"/><line number="59" hits="1152921504606846976"/><line number="61" hits="288230376151711744"/><line number="64" hits="360287970189639680"/><line number="65" hits="720575940379279360"/><line number="70" hits="72057594037927936"/><line number="71" hits="144115188075855872"/><line number="76" hits="864691128455135232"/><line number="78" hits="3458764513820540928"/><line number="79" hits="1729382256910270464"/><line number="85" hits="144115188075855873"/><line number="86" hits="288230376151711746"/><line number="87" hits="0"/><line number="99" hits="1080863910568919040"/><line number="100" hits="3242591731706757120"/><line number="101" hits="72057594037927936"/><line number="105" hits="18230571291595767808"/><line number="114" hits="72057594037927936"/><line number="116" hits="288230376151711744"/><line number="126" hits="144115188075855872"/><line number="127" hits="288230376151711744"/><line number="128" hits="72057594037927936"/><line number="130" hits="72057594037927936"/><line number="131" hits="0"/><line number="132" hits="72057594037927936"/><line number="135" hits="144115188075855872"/><line number="136" hits="288230376151711744"/><line number="139" hits="72057594037927936"/><line number="140" hits="72057594037927936"/><line number="143" hits="72057594037927936"/><line number="144" hits="288230376151711744"/><line number="145" hits="216172782113783808"/><line number="146" hits="72057594037927936"/><line number="147" hits="0"/><line number="152" hits="72057594037927936"/><line number="163" hits="144115188075855872"/><line number="164" hits="144115188075855872"/><line number="167" hits="144115188075855872"/><line number="168" hits="432345564227567616"/><line number="171" hits="0"/><line number="172" hits="144115188075855872"/><line number="176" hits="360287970189639680"/><line number="177" hits="792633534417207296"/><line number="179" hits="432345564227567616"/><line number="180" hits="144115188075855872"/><line number="182" hits="360287970189639680"/><line number="188" hits="0"/><line number="189" hits="0"/><line number="194" hits="144115188075855872"/><line number="195" hits="144115188075855872"/><line number="212" hits="72057594037927936"/><line number="216" hits="144115188075855872"/><line number="217" hits="144115188075855872"/><line number="220" hits="72057594037927936"/><line number="221" hits="72057594037927936"/><line number="229" hits="72057594037927936"/><line number="230" hits="72057594037927936"/></lines></class><class name="mnemonic_export" filename="src\security\mnemonic_export.rs" line-rate="0.27586206896551724" branch-rate="0" complexity="0"><methods/><lines><line number="8" hits="216172782113783808"/><line number="13" hits="216172782113783808"/><line number="14" hits="0"/><line number="17" hits="216172782113783808"/><line number="19" hits="0"/><line number="20" hits="0"/><line number="21" hits="0"/><line number="26" hits="0"/><line number="29" hits="0"/><line number="31" hits="216172782113783808"/><line number="32" hits="0"/><line number="33" hits="0"/><line number="35" hits="0"/><line number="36" hits="0"/><line number="37" hits="0"/><line number="38" hits="0"/><line number="42" hits="144115188075855872"/><line number="47" hits="144115188075855872"/><line number="48" hits="0"/><line number="50" hits="0"/><line number="51" hits="0"/><line number="54" hits="144115188075855872"/><line number="56" hits="0"/><line number="57" hits="0"/><line number="60" hits="0"/><line number="63" hits="144115188075855872"/><line number="64" hits="0"/><line number="65" hits="0"/><line number="68" hits="0"/></lines></class><class name="redaction" filename="src\security\redaction.rs" line-rate="0.2857142857142857" branch-rate="0" complexity="0"><methods/><lines><line number="6" hits="2810246167479189504"/><line number="7" hits="2810246167479189504"/><line number="9" hits="0"/><line number="15" hits="0"/><line number="16" hits="0"/><line number="17" hits="0"/><line number="19" hits="0"/></lines></class><class name="secret" filename="src\security\secret.rs" line-rate="1" branch-rate="0" complexity="0"><methods/><lines><line number="8" hits="2377900603251621885"/><line number="9" hits="4755801206503243770"/></lines></class><class name="shamir" filename="src\security\shamir.rs" line-rate="0.5544554455445545" branch-rate="0" complexity="0"><methods/><lines><line number="20" hits="11529215046068469760"/><line number="21" hits="16140901064495857664"/><line number="22" hits="9223372036854775978"/><line number="23" hits="6917529027641082875"/><line number="24" hits="16140901064495858651"/><line number="26" hits="0"/><line number="27" hits="0"/><line number="28" hits="10520408729537479161"/><line number="29" hits="10520408729537479161"/><line number="31" hits="0"/><line number="33" hits="11529215046068469760"/><line number="36" hits="6917529027641082167"/><line number="37" hits="6917529027641082167"/><line number="38" hits="5"/><line number="40" hits="0"/><line number="41" hits="6917529027641081856"/><line number="42" hits="11529215046068469510"/><line number="43" hits="4611686018427388016"/><line number="45" hits="0"/><line number="46" hits="0"/><line number="48" hits="0"/><line number="51" hits="6917529027641081867"/><line number="52" hits="6917529027641081867"/><line number="53" hits="10"/><line number="55" hits="0"/><line number="58" hits="9223372036854775808"/><line number="59" hits="0"/><line number="60" hits="0"/><line number="61" hits="13835058055282163714"/><line number="62" hits="0"/><line number="63" hits="0"/><line number="65" hits="9223372036854775808"/><line number="69" hits="1080863910568919040"/><line number="75" hits="3242591731706757120"/><line number="76" hits="3170534137668829184"/><line number="77" hits="1297036692682702858"/><line number="78" hits="1008806316530991104"/><line number="79" hits="0"/><line number="80" hits="0"/><line number="81" hits="144115188075855872"/><line number="82" hits="144115188075855872"/><line number="85" hits="0"/><line number="86" hits="0"/><line number="90" hits="0"/><line number="91" hits="0"/><line number="92" hits="9223372036854775808"/><line number="93" hits="0"/><line number="94" hits="0"/><line number="95" hits="11529215046068469760"/><line number="96" hits="0"/><line number="98" hits="0"/><line number="101" hits="0"/><line number="102" hits="3746994889972252675"/><line number="103" hits="0"/><line number="104" hits="0"/><line number="105" hits="3746994889972252669"/><line number="106" hits="0"/><line number="108" hits="0"/><line number="110" hits="0"/><line number="114" hits="1585267068834414592"/><line number="115" hits="3170534137668829184"/><line number="116" hits="72057594037927936"/><line number="118" hits="0"/><line number="119" hits="0"/><line number="121" hits="0"/><line number="122" hits="144115188075855872"/><line number="126" hits="0"/><line number="127" hits="7638104968020361216"/><line number="128" hits="3819052484010180608"/><line number="129" hits="0"/><line number="131" hits="0"/><line number="132" hits="72057594037927936"/><line number="133" hits="72057594037927936"/><line number="134" hits="72057594037927936"/><line number="140" hits="1297036692682702848"/><line number="141" hits="0"/><line number="142" hits="0"/><line number="144" hits="9223372036854775808"/><line number="145" hits="9223372036854775808"/><line number="146" hits="9583660007044415479"/><line number="147" hits="0"/><line number="148" hits="0"/><line number="150" hits="0"/><line number="151" hits="0"/><line number="152" hits="13835058055282163711"/><line number="153" hits="0"/><line number="154" hits="18446744073709551615"/><line number="156" hits="9223372036854775856"/><line number="157" hits="9223372036854775856"/><line number="158" hits="4611686018427387928"/><line number="159" hits="18446744073709551608"/><line number="160" hits="18446744073709551608"/><line number="163" hits="0"/><line number="165" hits="6917529027641081855"/><line number="166" hits="0"/><line number="167" hits="0"/><line number="168" hits="0"/><line number="170" hits="4611686018427387912"/><line number="173" hits="1297036692682702856"/><line number="177" hits="144115188075855897"/><line number="178" hits="432345564227567691"/></lines></class></classes></package><package name="src\storage" line-rate="0.7436619718309859" branch-rate="0" complexity="0"><classes><class name="key_rotation" filename="src\storage\key_rotation.rs" line-rate="0.9818181818181818" branch-rate="0" complexity="0"><methods/><lines><line number="22" hits="10232178353385766912"/><line number="32" hits="10232178353385766912"/><line number="33" hits="14339461213547659264"/><line number="49" hits="0"/><line number="51" hits="14339461213547659264"/><line number="54" hits="792633534417207296"/><line number="67" hits="2377900603251621888"/><line number="68" hits="2377900603251621888"/><line number="69" hits="2377900603251621888"/><line number="70" hits="1585267068834414592"/><line number="71" hits="792633534417207296"/><line number="72" hits="792633534417207296"/><line number="75" hits="720575940379279360"/><line number="81" hits="2161727821137838080"/><line number="88" hits="2161727821137838080"/><line number="89" hits="2161727821137838080"/><line number="90" hits="2161727821137838080"/><line number="91" hits="2161727821137838080"/><line number="92" hits="1441151880758558720"/><line number="93" hits="720575940379279360"/><line number="94" hits="720575940379279360"/><line number="97" hits="144115188075855872"/><line number="98" hits="216172782113783808"/><line number="99" hits="216172782113783808"/><line number="100" hits="216172782113783808"/><line number="101" hits="144115188075855872"/><line number="102" hits="72057594037927936"/><line number="103" hits="72057594037927936"/><line number="106" hits="5044031582654955520"/><line number="110" hits="7566047373982433280"/><line number="111" hits="7566047373982433280"/><line number="112" hits="5044031582654955520"/><line number="113" hits="2522015791327477760"/><line number="114" hits="2522015791327477760"/><line number="117" hits="5332261958806667264"/><line number="118" hits="2666130979403333632"/><line number="119" hits="7998392938210000896"/><line number="120" hits="7998392938210000896"/><line number="121" hits="5332261958806667264"/><line number="122" hits="2666130979403333632"/><line number="124" hits="5332261958806667264"/><line number="125" hits="5332261958806667264"/><line number="126" hits="5332261958806667264"/><line number="130" hits="144115188075855872"/><line number="135" hits="576460752303423488"/><line number="136" hits="432345564227567616"/><line number="137" hits="432345564227567616"/><line number="138" hits="288230376151711744"/><line number="139" hits="144115188075855872"/><line number="141" hits="288230376151711744"/><line number="142" hits="288230376151711744"/><line number="143" hits="288230376151711744"/><line number="144" hits="144115188075855872"/><line number="145" hits="288230376151711744"/><line number="146" hits="288230376151711744"/></lines></class><class name="mod" filename="src\storage\mod.rs" line-rate="0.7" branch-rate="0" complexity="0"><methods/><lines><line number="22" hits="0"/><line number="24" hits="0"/><line number="27" hits="6196953087261802496"/><line number="29" hits="7926335344172072960"/><line number="30" hits="7205759403792793600"/><line number="31" hits="8286623314361712640"/><line number="35" hits="17365880163140632576"/><line number="36" hits="0"/><line number="38" hits="432345564227567619"/><line number="39" hits="6845471433603153920"/><line number="44" hits="0"/><line number="45" hits="144115188075855872"/><line number="46" hits="432345564227567616"/><line number="47" hits="144115188075855872"/><line number="48" hits="288230376151711744"/><line number="50" hits="0"/><line number="53" hits="8430738502437568512"/><line number="57" hits="288230376151711744"/><line number="58" hits="576460752303423488"/><line number="59" hits="0"/><line number="60" hits="144115188075855872"/><line number="61" hits="0"/><line number="67" hits="0"/><line number="68" hits="288230376151711744"/><line number="69" hits="288230376151711744"/><line number="70" hits="288230376151711744"/><line number="72" hits="144115188075855872"/><line number="73" hits="0"/><line number="75" hits="288230376151711744"/><line number="82" hits="7782220156096217088"/><line number="83" hits="0"/><line number="85" hits="288230376151711744"/><line number="87" hits="8791026472627208192"/><line number="88" hits="17582052945254416384"/><line number="90" hits="7710162562058289152"/><line number="91" hits="8791026472627208192"/><line number="92" hits="9439544818968559616"/><line number="94" hits="0"/><line number="95" hits="0"/><line number="97" hits="8574853690513424384"/><line number="98" hits="0"/><line number="101" hits="1657324662872342528"/><line number="102" hits="1657324662872342528"/><line number="105" hits="4467570830351532032"/><line number="106" hits="8574853690513424384"/><line number="121" hits="17149707381026848768"/><line number="122" hits="8574853690513424384"/><line number="123" hits="8574853690513424384"/><line number="145" hits="0"/><line number="146" hits="0"/><line number="147" hits="8574853690513424384"/><line number="163" hits="0"/><line number="164" hits="0"/><line number="165" hits="8574853690513424384"/><line number="177" hits="0"/><line number="178" hits="0"/><line number="179" hits="8574853690513424384"/><line number="201" hits="0"/><line number="202" hits="0"/><line number="205" hits="8574853690513424384"/><line number="206" hits="0"/><line number="207" hits="0"/><line number="212" hits="0"/><line number="213" hits="0"/><line number="218" hits="0"/><line number="219" hits="0"/><line number="224" hits="0"/><line number="225" hits="0"/><line number="227" hits="8574853690513424384"/><line number="243" hits="0"/><line number="244" hits="0"/><line number="245" hits="8574853690513424384"/><line number="247" hits="8574853690513424384"/><line number="248" hits="8574853690513424384"/><line number="251" hits="4971973988617027584"/><line number="257" hits="4971973988617027584"/><line number="259" hits="14915921965851082752"/><line number="260" hits="14915921965851082752"/><line number="268" hits="14915921965851082752"/><line number="269" hits="14915921965851082752"/><line number="270" hits="14915921965851082752"/><line number="271" hits="14915921965851082752"/><line number="272" hits="14915921965851082752"/><line number="273" hits="14915921965851082752"/><line number="274" hits="9943947977234055168"/><line number="275" hits="4971973988617027584"/><line number="276" hits="7998392938210000896"/><line number="279" hits="3963167672086036480"/><line number="286" hits="0"/><line number="288" hits="3963167672086036480"/><line number="292" hits="1297036692682702848"/><line number="293" hits="9871890383196127232"/><line number="295" hits="9871890383196127232"/><line number="296" hits="11168927075878830080"/><line number="297" hits="11168927075878830080"/><line number="298" hits="1297036692682702848"/><line number="299" hits="9871890383196127232"/><line number="300" hits="9871890383196127232"/><line number="303" hits="8791026472627208192"/><line number="304" hits="16717361816799281152"/><line number="305" hits="16717361816799281152"/><line number="306" hits="16717361816799281152"/><line number="309" hits="7926335344172072960"/><line number="310" hits="17582052945254416384"/><line number="312" hits="17582052945254416384"/><line number="313" hits="17582052945254416384"/><line number="314" hits="8791026472627208192"/><line number="316" hits="8791026472627208192"/><line number="318" hits="8791026472627208192"/><line number="321" hits="1080863910568919040"/><line number="325" hits="16573246628723425280"/><line number="326" hits="17509995351216488448"/><line number="331" hits="16573246628723425280"/><line number="332" hits="17509995351216488448"/><line number="333" hits="17509995351216488448"/><line number="335" hits="0"/><line number="339" hits="504403158265495552"/><line number="344" hits="504403158265495552"/><line number="346" hits="1513209474796486656"/><line number="352" hits="1513209474796486656"/><line number="353" hits="1513209474796486656"/><line number="354" hits="1513209474796486656"/><line number="355" hits="1008806316530991104"/><line number="356" hits="504403158265495552"/><line number="357" hits="504403158265495552"/><line number="360" hits="0"/><line number="366" hits="13258597302978740224"/><line number="367" hits="6629298651489370112"/><line number="370" hits="8070450532247928832"/><line number="371" hits="1441151880758558720"/><line number="372" hits="13258597302978740224"/><line number="373" hits="6629298651489370112"/><line number="374" hits="6629298651489370112"/><line number="376" hits="5620492334958379008"/><line number="377" hits="16861477004875137024"/><line number="379" hits="1008806316530991104"/><line number="384" hits="4035225266123964416"/><line number="385" hits="16861477004875137024"/><line number="386" hits="11240984669916758016"/><line number="387" hits="5620492334958379008"/><line number="388" hits="5620492334958379008"/><line number="391" hits="0"/><line number="402" hits="0"/><line number="404" hits="5620492334958379008"/><line number="408" hits="144115188075855872"/><line number="409" hits="72057594037927936"/><line number="412" hits="216172782113783808"/><line number="420" hits="216172782113783808"/><line number="421" hits="216172782113783808"/><line number="422" hits="216172782113783808"/><line number="423" hits="216172782113783808"/><line number="424" hits="216172782113783808"/><line number="425" hits="216172782113783808"/><line number="426" hits="216172782113783808"/><line number="427" hits="216172782113783808"/><line number="428" hits="216172782113783808"/><line number="429" hits="216172782113783808"/><line number="430" hits="216172782113783808"/><line number="431" hits="216172782113783808"/><line number="432" hits="144115188075855872"/><line number="433" hits="72057594037927936"/><line number="435" hits="72057594037927936"/><line number="436" hits="0"/><line number="439" hits="288230376151711744"/><line number="440" hits="144115188075855872"/><line number="450" hits="288230376151711744"/><line number="451" hits="144115188075855872"/><line number="454" hits="360287970189639680"/><line number="455" hits="360287970189639680"/><line number="458" hits="72057594037927936"/><line number="459" hits="0"/><line number="462" hits="18374686479671623680"/><line number="477" hits="18230571291595767808"/><line number="478" hits="18230571291595767808"/><line number="479" hits="18230571291595767808"/><line number="480" hits="18230571291595767808"/><line number="481" hits="18230571291595767808"/><line number="482" hits="18158513697557839872"/><line number="483" hits="18302628885633695744"/><line number="484" hits="18374686479671623680"/><line number="485" hits="18374686479671626088"/><line number="507" hits="18374686479671623680"/><line number="509" hits="18374686479671623680"/><line number="512" hits="0"/><line number="513" hits="0"/><line number="514" hits="0"/><line number="515" hits="0"/><line number="517" hits="0"/><line number="520" hits="0"/><line number="521" hits="0"/><line number="522" hits="0"/><line number="525" hits="0"/><line number="526" hits="0"/><line number="527" hits="0"/><line number="528" hits="0"/><line number="529" hits="0"/><line number="532" hits="0"/><line number="533" hits="0"/><line number="534" hits="0"/><line number="538" hits="0"/><line number="542" hits="216172782113783808"/><line number="543" hits="432345564227567616"/><line number="544" hits="864691128455135232"/><line number="545" hits="864691128455135232"/><line number="546" hits="864691128455135232"/><line number="547" hits="864691128455135232"/><line number="548" hits="864691128455135232"/><line number="549" hits="864691128455135232"/><line number="550" hits="864691128455135232"/><line number="551" hits="864691128455135232"/><line number="552" hits="864691128455135232"/><line number="553" hits="1080863910568919040"/><line number="554" hits="216172782113783808"/><line number="557" hits="864691128455135232"/><line number="561" hits="144115188075855872"/><line number="562" hits="432345564227567616"/><line number="563" hits="144115188075855872"/><line number="564" hits="72057594037927936"/><line number="565" hits="72057594037927936"/><line number="566" hits="72057594037927936"/><line number="567" hits="72057594037927936"/><line number="568" hits="72057594037927936"/><line number="575" hits="18374686479671623680"/><line number="577" hits="18302628885633695744"/><line number="578" hits="18374686479671623680"/><line number="579" hits="18374686479671623680"/><line number="581" hits="0"/><line number="583" hits="0"/><line number="584" hits="0"/><line number="598" hits="18374686479671623680"/><line number="609" hits="18302628885633695744"/><line number="610" hits="18374686479671623680"/><line number="611" hits="0"/><line number="616" hits="0"/><line number="619" hits="0"/><line number="625" hits="0"/><line number="626" hits="0"/><line number="627" hits="0"/><line number="628" hits="0"/><line number="629" hits="0"/><line number="630" hits="0"/><line number="632" hits="0"/><line number="633" hits="0"/><line number="635" hits="0"/><line number="637" hits="0"/><line number="638" hits="0"/><line number="639" hits="0"/><line number="640" hits="0"/><line number="641" hits="0"/><line number="642" hits="0"/><line number="644" hits="0"/><line number="645" hits="0"/><line number="647" hits="0"/><line number="653" hits
[...]
1261568"/><line number="71" hits="14123288431433875456"/><line number="75" hits="7061644215716937728"/><line number="76" hits="0"/><line number="77" hits="0"/><line number="78" hits="0"/><line number="79" hits="0"/><line number="80" hits="0"/><line number="81" hits="0"/><line number="84" hits="2738188573441261568"/><line number="88" hits="1152921504606846976"/><line number="89" hits="1152921504606846976"/><line number="90" hits="0"/><line number="91" hits="0"/><line number="94" hits="2305843009213693952"/><line number="96" hits="13258597302978740224"/><line number="97" hits="576460752303423488"/><line number="102" hits="1152921504606846976"/><line number="103" hits="576460752303423488"/><line number="105" hits="1152921504606846976"/><line number="107" hits="0"/><line number="111" hits="576460752303423488"/><line number="112" hits="576460752303423488"/><line number="116" hits="6052837899185946624"/><line number="117" hits="6052837899185946624"/><line number="119" hits="3170534137668829184"/><line number="122" hits="2161727821137838080"/><line number="123" hits="144115188075855872"/><line number="124" hits="0"/><line number="125" hits="0"/><line number="128" hits="0"/><line number="131" hits="1152921504606846976"/><line number="132" hits="576460752303423488"/><line number="133" hits="576460752303423488"/><line number="139" hits="576460752303423488"/><line number="140" hits="1152921504606846976"/><line number="142" hits="5044031582654955520"/><line number="144" hits="576460752303423488"/><line number="145" hits="1080863910568919040"/><line number="146" hits="0"/><line number="147" hits="0"/><line number="148" hits="0"/><line number="149" hits="576460752303423488"/><line number="152" hits="1152921504606846976"/><line number="153" hits="1152921504606846976"/><line number="157" hits="576460752303423488"/><line number="161" hits="1080863910568919040"/><line number="162" hits="2161727821137838080"/><line number="163" hits="0"/><line number="164" hits="0"/><line number="173" hits="1080863910568919040"/><line number="174" hits="0"/><line number="177" hits="1080863910568919040"/><line number="178" hits="0"/><line number="182" hits="0"/><line number="183" hits="0"/><line number="184" hits="0"/><line number="188" hits="0"/><line number="194" hits="0"/><line number="195" hits="0"/><line number="213" hits="576460752303423488"/><line number="214" hits="576460752303423488"/><line number="215" hits="576460752303423488"/><line number="216" hits="576460752303423488"/><line number="217" hits="576460752303423488"/><line number="218" hits="576460752303423488"/><line number="219" hits="576460752303423488"/><line number="223" hits="576460752303423488"/><line number="224" hits="576460752303423488"/><line number="225" hits="0"/><line number="227" hits="576460752303423488"/><line number="228" hits="576460752303423488"/><line number="243" hits="10520408729537478655"/><line number="244" hits="9367487224930631678"/><line number="248" hits="9511602413006487551"/><line number="249" hits="10088063165309911037"/><line number="253" hits="1008806316530991104"/><line number="256" hits="4035225266123964416"/><line number="257" hits="2017612633061982208"/><line number="259" hits="1008806316530991104"/><line number="260" hits="0"/><line number="261" hits="504403158265495552"/><line number="262" hits="0"/><line number="265" hits="0"/><line number="266" hits="0"/><line number="267" hits="0"/><line number="271" hits="6557241057451442176"/><line number="273" hits="1224979098644774912"/><line number="274" hits="1224979098644774912"/><line number="275" hits="0"/><line number="280" hits="1008806316530991104"/><line number="283" hits="2017612633061982208"/><line number="284" hits="504403158265495552"/><line number="288" hits="504403158265495552"/><line number="289" hits="504403158265495552"/><line number="290" hits="0"/><line number="293" hits="504403158265495552"/><line number="295" hits="0"/><line number="296" hits="0"/><line number="299" hits="504403158265495552"/><line number="300" hits="0"/><line number="303" hits="0"/><line number="306" hits="0"/><line number="307" hits="0"/><line number="312" hits="504403158265495552"/><line number="313" hits="1008806316530991104"/><line number="314" hits="0"/></lines></class><class name="hsm" filename="src\crypto\hsm.rs" line-rate="0.5603448275862069" branch-rate="0" complexity="0"><methods/><lines><line number="23" hits="72057594037927936"/><line number="24" hits="432345564227567616"/><line number="25" hits="360287970189639680"/><line number="26" hits="288230376151711744"/><line number="27" hits="216172782113783808"/><line number="28" hits="144115188075855872"/><line number="50" hits="3314649325744685056"/><line number="51" hits="8358680908399640576"/><line number="55" hits="6629298651489370112"/><line number="56" hits="16717361816799281152"/><line number="60" hits="8358680908399640576"/><line number="61" hits="16717361816799281152"/><line number="62" hits="14987979559889010688"/><line number="63" hits="8358680908399640576"/><line number="64" hits="8358680908399640576"/><line number="68" hits="432345564227567616"/><line number="69" hits="216172782113783808"/><line number="71" hits="432345564227567616"/><line number="73" hits="216172782113783808"/><line number="80" hits="0"/><line number="81" hits="0"/><line number="83" hits="216172782113783808"/><line number="86" hits="216172782113783808"/><line number="87" hits="216172782113783808"/><line number="90" hits="432345564227567616"/><line number="91" hits="216172782113783808"/><line number="92" hits="0"/><line number="95" hits="216172782113783808"/><line number="97" hits="432345564227567616"/><line number="98" hits="432345564227567616"/><line number="99" hits="216172782113783808"/><line number="100" hits="432345564227567616"/><line number="102" hits="864691128455135232"/><line number="104" hits="432345564227567616"/><line number="105" hits="648518346341351424"/><line number="107" hits="216172782113783808"/><line number="108" hits="216172782113783808"/><line number="111" hits="432345564227567616"/><line number="112" hits="216172782113783808"/><line number="114" hits="432345564227567616"/><line number="115" hits="648518346341351424"/><line number="116" hits="216172782113783808"/><line number="117" hits="216172782113783808"/><line number="119" hits="0"/><line number="120" hits="0"/><line number="121" hits="0"/><line number="122" hits="0"/><line number="125" hits="576460752303423488"/><line number="126" hits="288230376151711744"/><line number="128" hits="576460752303423488"/><line number="129" hits="792633534417207296"/><line number="130" hits="288230376151711744"/><line number="131" hits="504403158265495552"/><line number="133" hits="0"/><line number="136" hits="432345564227567616"/><line number="137" hits="216172782113783808"/><line number="139" hits="432345564227567616"/><line number="140" hits="648518346341351424"/><line number="141" hits="216172782113783808"/><line number="142" hits="216172782113783808"/><line number="145" hits="0"/><line number="147" hits="0"/><line number="148" hits="0"/><line number="151" hits="144115188075855872"/><line number="152" hits="72057594037927936"/><line number="154" hits="72057594037927936"/><line number="155" hits="0"/><line number="159" hits="288230376151711744"/><line number="160" hits="0"/><line number="161" hits="0"/><line number="162" hits="0"/><line number="163" hits="72057594037927936"/><line number="165" hits="0"/><line number="166" hits="0"/><line number="169" hits="144115188075855872"/><line number="170" hits="72057594037927936"/><line number="172" hits="72057594037927936"/><line number="173" hits="0"/><line number="177" hits="288230376151711744"/><line number="180" hits="0"/><line number="181" hits="0"/><line number="182" hits="0"/><line number="183" hits="0"/><line number="188" hits="0"/><line number="189" hits="0"/><line number="190" hits="0"/><line number="193" hits="0"/><line number="195" hits="72057594037927936"/><line number="196" hits="0"/><line number="199" hits="0"/><line number="201" hits="0"/><line number="204" hits="0"/><line number="205" hits="0"/><line number="206" hits="0"/><line number="207" hits="0"/><line number="208" hits="72057594037927936"/><line number="209" hits="0"/><line number="212" hits="0"/><line number="215" hits="0"/><line number="216" hits="0"/><line number="217" hits="0"/><line number="219" hits="0"/><line number="220" hits="0"/><line number="223" hits="0"/><line number="224" hits="0"/><line number="226" hits="0"/><line number="227" hits="0"/><line number="230" hits="0"/><line number="231" hits="0"/><line number="232" hits="0"/><line number="236" hits="0"/><line number="237" hits="0"/><line number="240" hits="0"/><line number="241" hits="0"/><line number="253" hits="13402712491054596096"/><line number="254" hits="13402712491054596096"/></lines></class><class name="kdf" filename="src\crypto\kdf.rs" line-rate="0.8448275862068966" branch-rate="0" complexity="0"><methods/><lines><line number="20" hits="792633534417207296"/><line number="21" hits="792633534417207296"/><line number="25" hits="72057594037927936"/><line number="26" hits="144115188075855872"/><line number="29" hits="216172782113783808"/><line number="30" hits="648518346341351424"/><line number="33" hits="504403158265495552"/><line number="34" hits="1008806316530991104"/><line number="37" hits="1585267068834414592"/><line number="43" hits="1585267068834414592"/><line number="45" hits="1585267068834414592"/><line number="46" hits="216172782113783808"/><line number="49" hits="1080863910568919040"/><line number="50" hits="2882303761517117440"/><line number="52" hits="5044031582654955520"/><line number="56" hits="216172782113783808"/><line number="63" hits="216172782113783808"/><line number="65" hits="864691128455135232"/><line number="66" hits="1080863910568919040"/><line number="68" hits="216172782113783808"/><line number="69" hits="216172782113783808"/><line number="72" hits="360287970189639680"/><line number="81" hits="360287970189639680"/><line number="83" hits="2161727821137838080"/><line number="84" hits="360287970189639680"/><line number="88" hits="0"/><line number="90" hits="360287970189639680"/><line number="94" hits="1008806316530991104"/><line number="100" hits="1008806316530991104"/><line number="102" hits="4035225266123964416"/><line number="103" hits="4035225266123964416"/><line number="105" hits="4035225266123964416"/><line number="106" hits="1008806316530991104"/><line number="108" hits="1008806316530991104"/><line number="112" hits="216172782113783808"/><line number="114" hits="648518346341351424"/><line number="115" hits="648518346341351424"/><line number="116" hits="216172782113783808"/><line number="119" hits="72057594037927936"/><line number="126" hits="72057594037927936"/><line number="129" hits="216172782113783808"/><line number="130" hits="216172782113783808"/><line number="132" hits="432345564227567616"/><line number="137" hits="0"/><line number="141" hits="144115188075855872"/><line number="148" hits="144115188075855872"/><line number="151" hits="432345564227567616"/><line number="152" hits="432345564227567616"/><line number="154" hits="864691128455135232"/><line number="159" hits="0"/><line number="163" hits="0"/><line number="164" hits="0"/><line number="167" hits="0"/><line number="168" hits="0"/><line number="170" hits="0"/><line number="171" hits="0"/><line number="176" hits="144115188075855872"/><line number="179" hits="144115188075855872"/></lines></class><class name="multisig" filename="src\crypto\multisig.rs" line-rate="0.6956521739130435" branch-rate="0" complexity="0"><methods/><lines><line number="41" hits="720575940379279360"/><line number="42" hits="1441151880758558720"/><line number="47" hits="0"/><line number="48" hits="0"/><line number="50" hits="0"/><line number="52" hits="0"/><line number="53" hits="0"/><line number="64" hits="14123288431433875456"/><line number="65" hits="14123288431433875456"/><line number="66" hits="14123288431433875456"/><line number="71" hits="792633534417207296"/><line number="72" hits="1585267068834414592"/><line number="73" hits="792633534417207296"/><line number="74" hits="1585267068834414592"/><line number="75" hits="792633534417207296"/><line number="76" hits="792633534417207296"/><line number="77" hits="0"/><line number="78" hits="0"/><line number="79" hits="0"/><line number="89" hits="792633534417207296"/><line number="90" hits="1585267068834414592"/><line number="91" hits="792633534417207296"/><line number="92" hits="1585267068834414592"/><line number="93" hits="792633534417207296"/><line number="98" hits="72057594037927936"/><line number="102" hits="144115188075855872"/><line number="103" hits="0"/><line number="104" hits="0"/><line number="105" hits="0"/><line number="106" hits="0"/><line number="111" hits="0"/><line number="114" hits="0"/><line number="120" hits="720575940379279360"/><line number="128" hits="5764607523034234880"/><line number="132" hits="936748722493063168"/><line number="141" hits="2810246167479189504"/><line number="142" hits="0"/><line number="146" hits="216172782113783808"/><line number="147" hits="1297036692682702848"/><line number="148" hits="1297036692682702848"/><line number="149" hits="216172782113783808"/><line number="153" hits="216172782113783808"/><line number="154" hits="216172782113783808"/><line number="155" hits="0"/><line number="156" hits="0"/><line number="157" hits="0"/><line number="158" hits="0"/><line number="161" hits="720575940379279360"/><line number="162" hits="0"/><line number="181" hits="0"/><line number="186" hits="1729382256910270464"/><line number="205" hits="3458764513820540928"/><line number="207" hits="5188146770730811392"/><line number="208" hits="3458764513820540928"/><line number="211" hits="6917529027641081856"/><line number="212" hits="13835058055282163712"/><line number="213" hits="2305843009213693952"/><line number="214" hits="2305843009213693952"/><line number="217" hits="5188146770730811392"/><line number="218" hits="5188146770730811392"/><line number="219" hits="5188146770730811392"/><line number="221" hits="5188146770730811392"/><line number="222" hits="504403158265495552"/><line number="223" hits="1224979098644774912"/><line number="225" hits="5188146770730811392"/><line number="226" hits="5188146770730811392"/><line number="229" hits="2161727821137838080"/><line number="232" hits="1729382256910270464"/><line number="233" hits="864691128455135232"/><line number="234" hits="1729382256910270464"/><line number="235" hits="2594073385365405696"/><line number="236" hits="864691128455135232"/><line number="242" hits="2161727821137838080"/><line number="246" hits="2594073385365405696"/><line number="250" hits="1729382256910270464"/><line number="251" hits="2738188573441261568"/><line number="252" hits="4107282860161892352"/><line number="253" hits="4107282860161892352"/><line number="255" hits="360287970189639680"/><line number="257" hits="1729382256910270464"/><line number="258" hits="2738188573441261568"/><line number="259" hits="4107282860161892352"/><line number="260" hits="4107282860161892352"/><line number="262" hits="360287970189639680"/><line number="265" hits="5188146770730811392"/><line number="266" hits="5188146770730811392"/><line number="270" hits="864691128455135232"/><line number="271" hits="1729382256910270464"/><line number="272" hits="864691128455135232"/><line number="273" hits="1729382256910270464"/><line number="274" hits="864691128455135232"/><line number="288" hits="504403158265495552"/><line number="295" hits="1008806316530991104"/><line number="296" hits="504403158265495552"/><line number="297" hits="1008806316530991104"/><line number="298" hits="504403158265495552"/><line number="301" hits="504403158265495552"/><line number="302" hits="0"/><line number="303" hits="0"/><line number="307" hits="0"/><line number="308" hits="0"/><line number="326" hits="72057594037927936"/><line number="330" hits="216172782113783808"/><line number="332" hits="864691128455135232"/><line number="333" hits="720575940379279360"/><line number="334" hits="72057594037927936"/><line number="338" hits="720575940379279360"/><line number="339" hits="360287970189639680"/><line number="341" hits="0"/><line number="347" hits="0"/><line number="355" hits="144115188075855872"/><line number="356" hits="0"/><line number="360" hits="216172782113783808"/><line number="361" hits="0"/><line number="369" hits="216172782113783808"/><line number="370" hits="432345564227567616"/><line number="371" hits="216172782113783808"/><line number="372" hits="432345564227567616"/><line number="373" hits="216172782113783808"/><line number="378" hits="144115188075855872"/><line number="379" hits="360287970189639680"/><line number="380" hits="72057594037927936"/><line number="381" hits="72057594037927936"/><line number="382" hits="72057594037927936"/><line number="383" hits="72057594037927936"/><line number="387" hits="0"/><line number="391" hits="0"/><line number="392" hits="0"/><line number="395" hits="0"/><line number="396" hits="0"/><line number="399" hits="0"/><line number="400" hits="0"/><line number="401" hits="0"/><line number="402" hits="0"/><line number="404" hits="0"/><line number="405" hits="0"/><line number="410" hits="0"/><line number="411" hits="0"/></lines></class><class name="quantum" filename="src\crypto\quantum.rs" line-rate="0.673469387755102" branch-rate="0" complexity="0"><methods/><lines><line number="32" hits="14339461213547659264"/><line number="33" hits="14339461213547659264"/><line number="34" hits="10232178353385766912"/><line number="35" hits="10232178353385766912"/><line number="36" hits="14339461213547659264"/><line number="39" hits="14339461213547659264"/><line number="40" hits="14339461213547659264"/><line number="42" hits="10232178353385766912"/><line number="43" hits="10232178353385766912"/><line number="45" hits="6124895493223874560"/><line number="46" hits="6124895493223874560"/><line number="48" hits="10232178353385766912"/><line number="50" hits="10232178353385766912"/><line number="52" hits="14339461213547659264"/><line number="53" hits="14339461213547659264"/><line number="56" hits="15852670688344145920"/><line number="61" hits="16861477004875137024"/><line number="62" hits="15852670688344145920"/><line number="65" hits="15852670688344145920"/><line number="66" hits="13258597302978740224"/><line number="67" hits="13258597302978740224"/><line number="69" hits="8070450532247928832"/><line number="70" hits="8070450532247928832"/><line number="71" hits="15852670688344145920"/><line number="76" hits="15852670688344145920"/><line number="77" hits="0"/><line number="92" hits="15852670688344145920"/><line number="94" hits="0"/><line number="117" hits="0"/><line number="121" hits="2666130979403333632"/><line number="126" hits="3674937295934324736"/><line number="127" hits="2666130979403333632"/><line number="129" hits="2666130979403333632"/><line number="130" hits="0"/><line number="142" hits="0"/><line number="151" hits="2666130979403333632"/><line number="157" hits="0"/><line number="163" hits="2666130979403333632"/><line number="164" hits="0"/><line number="168" hits="2666130979403333632"/><line number="170" hits="0"/><line number="175" hits="0"/><line number="180" hits="0"/><line number="181" hits="0"/><line number="186" hits="0"/><line number="187" hits="0"/><line number="188" hits="0"/><line number="196" hits="0"/><line number="197" hits="0"/></lines></class><class name="signature_utils" filename="src\crypto\signature_utils.rs" line-rate="0.25" branch-rate="0" complexity="0"><methods/><lines><line number="4" hits="1297036692682702848"/><line number="6" hits="2594073385365405696"/><line number="16" hits="0"/><line number="21" hits="0"/><line number="23" hits="0"/><line number="24" hits="0"/><line number="28" hits="0"/><line number="29" hits="0"/></lines></class></classes></package><package name="" line-rate="0.5577777777777778" branch-rate="0" complexity="0"><classes></classes></package></packages></coverage>